Using pre-set license
Built from '2020.3/release' branch; Version is '2020.3.15f2 (6cf78cb77498) revision 7141260'; Using compiler version '192528614'; Build Type 'Release'
OS: 'Windows 10 Pro; OS build 19045.2604; Version 2009; 64bit' Language: 'de' Physical Memory: 16221 MB
BatchMode: 1, IsHumanControllingUs: 0, StartBugReporterOnCrash: 0, Is64bit: 1, IsPro: 0

 COMMAND LINE ARGUMENTS:
E:\Unity\2020.3.15f2\Editor\Unity.exe
-adb2
-batchMode
-noUpm
-name
AssetImportWorker0
-projectPath
E:/Unity/MonsterAttack
-logFile
Logs/AssetImportWorker0.log
-srvPort
59042
Successfully changed project path to: E:/Unity/MonsterAttack
E:/Unity/MonsterAttack
Using Asset Import Pipeline V2.
Refreshing native plugins compatible for Editor in 51.82 ms, found 3 plugins.
Preloading 0 native plugins for Editor in 0.00 ms.
Initialize engine version: 2020.3.15f2 (6cf78cb77498)
[Subsystems] Discovering subsystems at path E:/Unity/2020.3.15f2/Editor/Data/Resources/UnitySubsystems
[Subsystems] Discovering subsystems at path E:/Unity/MonsterAttack/Assets
GfxDevice: creating device client; threaded=0
Direct3D:
    Version:  Direct3D 11.0 [level 11.1]
    Renderer: NVIDIA GeForce GTX 1660 Ti (ID=0x2191)
    Vendor:   
    VRAM:     5991 MB
    Driver:   27.21.14.5167
Initialize mono
Mono path[0] = 'E:/Unity/2020.3.15f2/Editor/Data/Managed'
Mono path[1] = 'E:/Unity/2020.3.15f2/Editor/Data/MonoBleedingEdge/lib/mono/unityjit'
Mono config path = 'E:/Unity/2020.3.15f2/Editor/Data/MonoBleedingEdge/etc'
Using monoOptions --debugger-agent=transport=dt_socket,embedding=1,server=y,suspend=n,address=127.0.0.1:56108
Begin MonoManager ReloadAssembly
Registering precompiled unity dll's ...
Register platform support module: E:/Unity/2020.3.15f2/Editor/Data/PlaybackEngines/WebGLSupport/UnityEditor.WebGL.Extensions.dll
Register platform support module: E:/Unity/2020.3.15f2/Editor/Data/PlaybackEngines/MacStandaloneSupport/UnityEditor.OSXStandalone.Extensions.dll
Register platform support module: E:/Unity/2020.3.15f2/Editor/Data/PlaybackEngines/WindowsStandaloneSupport/UnityEditor.WindowsStandalone.Extensions.dll
Registered in 0.002377 seconds.
Native extension for WindowsStandalone target not found
Native extension for OSXStandalone target not found
Native extension for WebGL target not found
Refreshing native plugins compatible for Editor in 51.16 ms, found 3 plugins.
Preloading 0 native plugins for Editor in 0.00 ms.
Mono: successfully reloaded assembly
- Completed reload, in  1.639 seconds
Domain Reload Profiling:
	ReloadAssembly (1639ms)
		BeginReloadAssembly (77ms)
			ExecutionOrderSort (0ms)
			DisableScriptedObjects (0ms)
			BackupInstance (0ms)
			ReleaseScriptingObjects (0ms)
			CreateAndSetChildDomain (1ms)
		EndReloadAssembly (497ms)
			LoadAssemblies (78ms)
			RebuildTransferFunctionScriptingTraits (0ms)
			SetupTypeCache (182ms)
			ReleaseScriptCaches (0ms)
			RebuildScriptCaches (36ms)
			SetupLoadedEditorAssemblies (204ms)
				LogAssemblyErrors (0ms)
				InitializePlatformSupportModulesInManaged (6ms)
				SetLoadedEditorAssemblies (0ms)
				RefreshPlugins (51ms)
				BeforeProcessingInitializeOnLoad (17ms)
				ProcessInitializeOnLoadAttributes (96ms)
				ProcessInitializeOnLoadMethodAttributes (33ms)
				AfterProcessingInitializeOnLoad (0ms)
				EditorAssembliesLoaded (0ms)
			ExecutionOrderSort2 (0ms)
			AwakeInstancesAfterBackupRestoration (0ms)
Platform modules already initialized, skipping
Registering precompiled user dll's ...
Registered in 0.005369 seconds.
Begin MonoManager ReloadAssembly
Native extension for WindowsStandalone target not found
Native extension for OSXStandalone target not found
Native extension for WebGL target not found
Refreshing native plugins compatible for Editor in 53.38 ms, found 3 plugins.
Preloading 0 native plugins for Editor in 0.00 ms.
Mono: successfully reloaded assembly
- Completed reload, in  1.434 seconds
Domain Reload Profiling:
	ReloadAssembly (1435ms)
		BeginReloadAssembly (198ms)
			ExecutionOrderSort (0ms)
			DisableScriptedObjects (6ms)
			BackupInstance (0ms)
			ReleaseScriptingObjects (0ms)
			CreateAndSetChildDomain (20ms)
		EndReloadAssembly (1167ms)
			LoadAssemblies (137ms)
			RebuildTransferFunctionScriptingTraits (0ms)
			SetupTypeCache (358ms)
			ReleaseScriptCaches (0ms)
			RebuildScriptCaches (59ms)
			SetupLoadedEditorAssemblies (480ms)
				LogAssemblyErrors (0ms)
				InitializePlatformSupportModulesInManaged (6ms)
				SetLoadedEditorAssemblies (0ms)
				RefreshPlugins (53ms)
				BeforeProcessingInitializeOnLoad (94ms)
				ProcessInitializeOnLoadAttributes (309ms)
				ProcessInitializeOnLoadMethodAttributes (14ms)
				AfterProcessingInitializeOnLoad (3ms)
				EditorAssembliesLoaded (0ms)
			ExecutionOrderSort2 (0ms)
			AwakeInstancesAfterBackupRestoration (7ms)
Platform modules already initialized, skipping
========================================================================
Worker process is ready to serve import requests
Launched and connected shader compiler UnityShaderCompiler.exe after 0.05 seconds
Refreshing native plugins compatible for Editor in 0.46 ms, found 3 plugins.
Preloading 0 native plugins for Editor in 0.00 ms.
Unloading 2091 Unused Serialized files (Serialized files now loaded: 0)
System memory in use before: 93.1 MB.
System memory in use after: 93.0 MB.

Unloading 33 unused Assets to reduce memory usage. Loaded Objects now: 2524.
Total: 2.842700 ms (FindLiveObjects: 0.204000 ms CreateObjectMapping: 0.069600 ms MarkObjects: 2.453300 ms  DeleteObjects: 0.114800 ms)

AssetImportParameters requested are different than current active one (requested -> active):
  custom:framework-win-MediaFoundation: 216162199b28c13a410421893ffa2e32 -> 
  custom:video-decoder-ogg-theora: a1e56fd34408186e4bbccfd4996cb3dc -> 
  custom:container-muxer-webm: aa71ff27fc2769a1b78a27578f13a17b -> 
  custom:container-demuxer-webm: 4f35f7cbe854078d1ac9338744f61a02 -> 
  custom:container-demuxer-ogg: 62fdf1f143b41e24485cea50d1cbac27 -> 
  custom:video-encoder-webm-vp8: eb34c28f22e8b96e1ab97ce403110664 -> 
  custom:video-decoder-webm-vp8: 9c59270c3fd7afecdb556c50c9e8de78 -> 
  custom:audio-decoder-ogg-vorbis: bf7c407c2cedff20999df2af8eb42d56 -> 
  custom:audio-encoder-webm-vorbis: bf7c407c2cedff20999df2af8eb42d56 -> 
========================================================================
Received Import Request.
  path: Assets/PixelPack03_Free/Level02.png
  artifactKey: Guid(936d8bd983ef77b4d8052ad3e2572a66) Importer(815301076,1909f56bfc062723c751e8b465ee728b)
Start importing Assets/PixelPack03_Free/Level02.png using Guid(936d8bd983ef77b4d8052ad3e2572a66) Importer(815301076,1909f56bfc062723c751e8b465ee728b)  -> (artifact id: '996e1cb5c08df5da4d1103b176d59e36') in 0.126604 seconds 
  Import took 0.129943 seconds .

========================================================================
Received Import Request.
  Time since last request: 0.000281 seconds.
  path: Assets/PixelPack03_Free/Level01.png
  artifactKey: Guid(9da33840b8a12fa49a23381653e7b214) Importer(815301076,1909f56bfc062723c751e8b465ee728b)
Start importing Assets/PixelPack03_Free/Level01.png using Guid(9da33840b8a12fa49a23381653e7b214) Importer(815301076,1909f56bfc062723c751e8b465ee728b)  -> (artifact id: '8940eab442dcc9db651144c43f3f6a8a') in 0.014447 seconds 
  Import took 0.018374 seconds .

========================================================================
Received Import Request.
  Time since last request: 0.000318 seconds.
  path: Assets/PixelPack03_Free/BricksWide.png
  artifactKey: Guid(559d64157b63ddb48b7284bb56bf0ec5) Importer(815301076,1909f56bfc062723c751e8b465ee728b)
Start importing Assets/PixelPack03_Free/BricksWide.png using Guid(559d64157b63ddb48b7284bb56bf0ec5) Importer(815301076,1909f56bfc062723c751e8b465ee728b)  -> (artifact id: '12da6c34ecfdd81003df2accf0564974') in 0.030925 seconds 
  Import took 0.034180 seconds .

========================================================================
Received Import Request.
  Time since last request: 0.000324 seconds.
  path: Assets/PixelPack03_Free/Crate.png
  artifactKey: Guid(3e4d4d9d552202f43b5053b5eb6492ef) Importer(815301076,1909f56bfc062723c751e8b465ee728b)
Start importing Assets/PixelPack03_Free/Crate.png using Guid(3e4d4d9d552202f43b5053b5eb6492ef) Importer(815301076,1909f56bfc062723c751e8b465ee728b)  -> (artifact id: '4b72c3bc7a43a6eccbe02043c3836d97') in 0.015341 seconds 
  Import took 0.018695 seconds .

========================================================================
Received Import Request.
  Time since last request: 0.000291 seconds.
  path: Assets/PixelPack03_Free/Gems.png
  artifactKey: Guid(3eaaea4926392174aababcfc4203bc82) Importer(815301076,1909f56bfc062723c751e8b465ee728b)
Start importing Assets/PixelPack03_Free/Gems.png using Guid(3eaaea4926392174aababcfc4203bc82) Importer(815301076,1909f56bfc062723c751e8b465ee728b)  -> (artifact id: '8bd3d3534b99f0d4c203b43f6dfd076b') in 0.026545 seconds 
  Import took 0.029778 seconds .

========================================================================
Received Import Request.
  Time since last request: 0.000315 seconds.
  path: Assets/PixelPack03_Free/Tileset.png
  artifactKey: Guid(7e284552364bc9044ba7f87f46c179ce) Importer(815301076,1909f56bfc062723c751e8b465ee728b)
Start importing Assets/PixelPack03_Free/Tileset.png using Guid(7e284552364bc9044ba7f87f46c179ce) Importer(815301076,1909f56bfc062723c751e8b465ee728b)  -> (artifact id: '21a76d4cac53ce5d9d3dae5ccf857664') in 0.016611 seconds 
  Import took 0.019909 seconds .

========================================================================
Received Import Request.
  Time since last request: 0.000297 seconds.
  path: Assets/PixelPack03_Free/Bricks.png
  artifactKey: Guid(e1e1b01e4a48aa242848155e8092e75d) Importer(815301076,1909f56bfc062723c751e8b465ee728b)
Start importing Assets/PixelPack03_Free/Bricks.png using Guid(e1e1b01e4a48aa242848155e8092e75d) Importer(815301076,1909f56bfc062723c751e8b465ee728b)  -> (artifact id: '7cdc76d725eaf0910621bcc9ed07a9fc') in 0.076787 seconds 
  Import took 0.080040 seconds .

========================================================================
Received Import Request.
  Time since last request: 0.000307 seconds.
  path: Assets/PixelPack03_Free/BKG01.png
  artifactKey: Guid(1f2cc40d32bb48444bd64699a8b55efb) Importer(815301076,1909f56bfc062723c751e8b465ee728b)
Start importing Assets/PixelPack03_Free/BKG01.png using Guid(1f2cc40d32bb48444bd64699a8b55efb) Importer(815301076,1909f56bfc062723c751e8b465ee728b)  -> (artifact id: '6b686973305fa9ae3c636c7e34c27ff0') in 0.018900 seconds 
  Import took 0.022169 seconds .

========================================================================
Received Import Request.
  Time since last request: 0.000252 seconds.
  path: Assets/PixelPack03_Free/Blocks.png
  artifactKey: Guid(0e199325ccd4242429396b9293d2404d) Importer(815301076,1909f56bfc062723c751e8b465ee728b)
Start importing Assets/PixelPack03_Free/Blocks.png using Guid(0e199325ccd4242429396b9293d2404d) Importer(815301076,1909f56bfc062723c751e8b465ee728b)  -> (artifact id: '5435af7c47f6d4275cc32006a49ae587') in 0.043808 seconds 
  Import took 0.047370 seconds .

========================================================================
Received Import Request.
  Time since last request: 0.000247 seconds.
  path: Assets/PixelPack03_Free/Columns.png
  artifactKey: Guid(6ac8826a0440c4b4a9bcb4371a8ee08d) Importer(815301076,1909f56bfc062723c751e8b465ee728b)
Start importing Assets/PixelPack03_Free/Columns.png using Guid(6ac8826a0440c4b4a9bcb4371a8ee08d) Importer(815301076,1909f56bfc062723c751e8b465ee728b)  -> (artifact id: '08f9ac94a9d9ba42dfa927bf44693487') in 0.088730 seconds 
  Import took 0.092461 seconds .

========================================================================
Received Import Request.
  Time since last request: 0.000289 seconds.
  path: Assets/PixelPack03_Free/Levels.png
  artifactKey: Guid(b55d1b238f765054da57a404ca70ebed) Importer(815301076,1909f56bfc062723c751e8b465ee728b)
Start importing Assets/PixelPack03_Free/Levels.png using Guid(b55d1b238f765054da57a404ca70ebed) Importer(815301076,1909f56bfc062723c751e8b465ee728b)  -> (artifact id: '9ecf90e63a6900072e4f63345518f4f1') in 0.022065 seconds 
  Import took 0.025435 seconds .

========================================================================
Received Import Request.
  Time since last request: 0.000288 seconds.
  path: Assets/PixelPack03_Free/BKG03.png
  artifactKey: Guid(fe1db27ab55f5ae428782b15347b6cd2) Importer(815301076,1909f56bfc062723c751e8b465ee728b)
Start importing Assets/PixelPack03_Free/BKG03.png using Guid(fe1db27ab55f5ae428782b15347b6cd2) Importer(815301076,1909f56bfc062723c751e8b465ee728b)  -> (artifact id: '3775e5124c0aa188b7ffa76dc7f7f69f') in 0.017826 seconds 
  Import took 0.022404 seconds .

========================================================================
Received Import Request.
  Time since last request: 39.562882 seconds.
  path: Assets/PixelPack03_Free
  artifactKey: Guid(3598bdd7b478e634dabe4b9eabba425e) Importer(815301076,1909f56bfc062723c751e8b465ee728b)
Start importing Assets/PixelPack03_Free using Guid(3598bdd7b478e634dabe4b9eabba425e) Importer(815301076,1909f56bfc062723c751e8b465ee728b)  -> (artifact id: 'afe97b7dc08f491917aff54b8f25d23b') in 0.006357 seconds 
  Import took 0.009649 seconds .

AssetImportWorkerClient::OnTransportError - code=2 error=End of file
